<?xml version="1.0" encoding="UTF-8"?>
<testng-results ignored="0" total="3" passed="3" failed="0" skipped="0">
  <reporter-output>
  </reporter-output>
  <suite started-at="2023-12-18T07:50:36 GMT" name="Default suite" finished-at="2023-12-18T07:50:38 GMT" duration-ms="2729">
    <groups>
      <group name="cucumber">
        <method signature="AbstractTestNGCucumberTests.runScenario(io.cucumber.testng.PickleWrapper, io.cucumber.testng.FeatureWrapper)[pri:0, instance:runners.CRMRunner@1b1426f4]" name="runScenario" class="io.cucumber.testng.AbstractTestNGCucumberTests"/>
      </group> <!-- cucumber -->
    </groups>
    <test started-at="2023-12-18T07:50:36 GMT" name="Default test" finished-at="2023-12-18T07:50:38 GMT" duration-ms="2729">
      <class name="runners.CRMRunner">
        <test-method is-config="true" signature="setUpClass(org.testng.ITestContext)[pri:0, instance:runners.CRMRunner@1b1426f4]" started-at="2023-12-18T07:50:36 GMT" name="setUpClass" finished-at="2023-12-18T07:50:37 GMT" duration-ms="913" status="PASS">
          <params>
            <param index="0">
              <value>
                <![CDATA[org.testng.TestRunner@2257fadf]]>
              </value>
            </param>
          </params>
          <reporter-output>
          </reporter-output>
        </test-method> <!-- setUpClass -->
        <test-method signature="runScenario(io.cucumber.testng.PickleWrapper, io.cucumber.testng.FeatureWrapper)[pri:0, instance:runners.CRMRunner@1b1426f4]" started-at="2023-12-18T07:50:37 GMT" name="runScenario" description="Runs Cucumber Scenarios" data-provider="scenarios" finished-at="2023-12-18T07:50:37 GMT" duration-ms="144" status="PASS">
          <params>
            <param index="0">
              <value>
                <![CDATA["Create a new Tasks"]]>
              </value>
            </param>
            <param index="1">
              <value>
                <![CDATA["Tasks CRUD Mnagement"]]>
              </value>
            </param>
          </params>
          <reporter-output>
          </reporter-output>
        </test-method> <!-- runScenario -->
        <test-method signature="runScenario(io.cucumber.testng.PickleWrapper, io.cucumber.testng.FeatureWrapper)[pri:0, instance:runners.CRMRunner@1b1426f4]" started-at="2023-12-18T07:50:37 GMT" name="runScenario" description="Runs Cucumber Scenarios" data-provider="scenarios" finished-at="2023-12-18T07:50:37 GMT" duration-ms="18" status="PASS">
          <params>
            <param index="0">
              <value>
                <![CDATA["View a Tasks"]]>
              </value>
            </param>
            <param index="1">
              <value>
                <![CDATA["Tasks CRUD Mnagement"]]>
              </value>
            </param>
          </params>
          <reporter-output>
          </reporter-output>
        </test-method> <!-- runScenario -->
        <test-method signature="runScenario(io.cucumber.testng.PickleWrapper, io.cucumber.testng.FeatureWrapper)[pri:0, instance:runners.CRMRunner@1b1426f4]" started-at="2023-12-18T07:50:37 GMT" name="runScenario" description="Runs Cucumber Scenarios" data-provider="scenarios" finished-at="2023-12-18T07:50:37 GMT" duration-ms="24" status="PASS">
          <params>
            <param index="0">
              <value>
                <![CDATA["Delete a Tasks"]]>
              </value>
            </param>
            <param index="1">
              <value>
                <![CDATA["Tasks CRUD Mnagement"]]>
              </value>
            </param>
          </params>
          <reporter-output>
          </reporter-output>
        </test-method> <!-- runScenario -->
        <test-method is-config="true" signature="tearDownClass()[pri:0, instance:runners.CRMRunner@1b1426f4]" started-at="2023-12-18T07:50:37 GMT" name="tearDownClass" finished-at="2023-12-18T07:50:38 GMT" duration-ms="1577" status="PASS">
          <reporter-output>
          </reporter-output>
        </test-method> <!-- tearDownClass -->
      </class> <!-- runners.CRMRunner -->
    </test> <!-- Default test -->
  </suite> <!-- Default suite -->
</testng-results>
