<?xml version="1.0" encoding="UTF-8"?>
<testng-results ignored="0" total="4" passed="4" failed="0" skipped="0">
  <reporter-output>
  </reporter-output>
  <suite started-at="2023-12-19T04:47:25 GMT" name="Default suite" finished-at="2023-12-19T04:47:29 GMT" duration-ms="3363">
    <groups>
      <group name="cucumber">
        <method signature="AbstractTestNGCucumberTests.runScenario(io.cucumber.testng.PickleWrapper, io.cucumber.testng.FeatureWrapper)[pri:0, instance:runners.CRMRunner@1b1426f4]" name="runScenario" class="io.cucumber.testng.AbstractTestNGCucumberTests"/>
      </group> <!-- cucumber -->
    </groups>
    <test started-at="2023-12-19T04:47:25 GMT" name="Default test" finished-at="2023-12-19T04:47:29 GMT" duration-ms="3363">
      <class name="runners.CRMRunner">
        <test-method is-config="true" signature="setUpClass(org.testng.ITestContext)[pri:0, instance:runners.CRMRunner@1b1426f4]" started-at="2023-12-19T04:47:25 GMT" name="setUpClass" finished-at="2023-12-19T04:47:26 GMT" duration-ms="927" status="PASS">
          <params>
            <param index="0">
              <value>
                <![CDATA[org.testng.TestRunner@5411dd90]]>
              </value>
            </param>
          </params>
          <reporter-output>
          </reporter-output>
        </test-method> <!-- setUpClass -->
        <test-method signature="runScenario(io.cucumber.testng.PickleWrapper, io.cucumber.testng.FeatureWrapper)[pri:0, instance:runners.CRMRunner@1b1426f4]" started-at="2023-12-19T04:47:26 GMT" name="runScenario" description="Runs Cucumber Scenarios" data-provider="scenarios" finished-at="2023-12-19T04:47:26 GMT" duration-ms="152" status="PASS">
          <params>
            <param index="0">
              <value>
                <![CDATA["Create a new Contact"]]>
              </value>
            </param>
            <param index="1">
              <value>
                <![CDATA["Contacts CRUD Mnagement"]]>
              </value>
            </param>
          </params>
          <reporter-output>
          </reporter-output>
        </test-method> <!-- runScenario -->
        <test-method signature="runScenario(io.cucumber.testng.PickleWrapper, io.cucumber.testng.FeatureWrapper)[pri:0, instance:runners.CRMRunner@1b1426f4]" started-at="2023-12-19T04:47:26 GMT" name="runScenario" description="Runs Cucumber Scenarios" data-provider="scenarios" finished-at="2023-12-19T04:47:26 GMT" duration-ms="29" status="PASS">
          <params>
            <param index="0">
              <value>
                <![CDATA["View a Contact"]]>
              </value>
            </param>
            <param index="1">
              <value>
                <![CDATA["Contacts CRUD Mnagement"]]>
              </value>
            </param>
          </params>
          <reporter-output>
          </reporter-output>
        </test-method> <!-- runScenario -->
        <test-method signature="runScenario(io.cucumber.testng.PickleWrapper, io.cucumber.testng.FeatureWrapper)[pri:0, instance:runners.CRMRunner@1b1426f4]" started-at="2023-12-19T04:47:26 GMT" name="runScenario" description="Runs Cucumber Scenarios" data-provider="scenarios" finished-at="2023-12-19T04:47:26 GMT" duration-ms="26" status="PASS">
          <params>
            <param index="0">
              <value>
                <![CDATA["View a Deals"]]>
              </value>
            </param>
            <param index="1">
              <value>
                <![CDATA["Deals CRUD Mnagement"]]>
              </value>
            </param>
          </params>
          <reporter-output>
          </reporter-output>
        </test-method> <!-- runScenario -->
        <test-method signature="runScenario(io.cucumber.testng.PickleWrapper, io.cucumber.testng.FeatureWrapper)[pri:0, instance:runners.CRMRunner@1b1426f4]" started-at="2023-12-19T04:47:26 GMT" name="runScenario" description="Runs Cucumber Scenarios" data-provider="scenarios" finished-at="2023-12-19T04:47:26 GMT" duration-ms="35" status="PASS">
          <params>
            <param index="0">
              <value>
                <![CDATA["Delete a Tasks"]]>
              </value>
            </param>
            <param index="1">
              <value>
                <![CDATA["Tasks CRUD Mnagement"]]>
              </value>
            </param>
          </params>
          <reporter-output>
          </reporter-output>
        </test-method> <!-- runScenario -->
        <test-method is-config="true" signature="tearDownClass()[pri:0, instance:runners.CRMRunner@1b1426f4]" started-at="2023-12-19T04:47:26 GMT" name="tearDownClass" finished-at="2023-12-19T04:47:29 GMT" duration-ms="2118" status="PASS">
          <reporter-output>
          </reporter-output>
        </test-method> <!-- tearDownClass -->
      </class> <!-- runners.CRMRunner -->
    </test> <!-- Default test -->
  </suite> <!-- Default suite -->
</testng-results>
